# JRE version: Java(TM) SE Runtime Environment (17.0.12+8) (build 17.0.12+8-LTS-286)
# Java VM: Java HotSpot(TM) 64-Bit Server VM (17.0.12+8-LTS-286, mixed mode, sharing, tiered, compressed oops, compressed class ptrs, g1 gc, windows-amd64)
GC Precious Log:
 CPUs: 4 total, 4 available
 Memory: 3999M
 Large Page Support: Disabled
 NUMA Support: Disabled
 Compressed Oops: Enabled (32-bit)
 Heap Region Size: 1M
 Heap Min Capacity: 8M
 Heap Initial Capacity: 64M
 Heap Max Capacity: 2G
 Pre-touch: Disabled
 Parallel Workers: 4
 Concurrent Workers: 1
 Concurrent Refinement Workers: 4
 Periodic GC: Disabled
Heap:
 garbage-first heap   total 252928K, used 199550K [0x0000000080000000, 0x0000000100000000)
  region size 1024K, 77 young (78848K), 1 survivors (1024K)
 Metaspace       used 97636K, committed 98688K, reserved 557056K
  class space    used 13760K, committed 14272K, reserved 425984K
GC Heap History (20 events):
Event: 42.685 GC heap before
{Heap before GC invocations=38 (full 0):
 garbage-first heap   total 203776K, used 160498K [0x0000000080000000, 0x0000000100000000)
  region size 1024K, 83 young (84992K), 11 survivors (11264K)
 Metaspace       used 72443K, committed 73408K, reserved 491520K
  class space    used 10215K, committed 10688K, reserved 425984K
}
Event: 42.723 GC heap after
{Heap after GC invocations=39 (full 0):
 garbage-first heap   total 203776K, used 89366K [0x0000000080000000, 0x0000000100000000)
  region size 1024K, 5 young (5120K), 5 survivors (5120K)
 Metaspace       used 72443K, committed 73408K, reserved 491520K
  class space    used 10215K, committed 10688K, reserved 425984K
}
Event: 44.786 GC heap before
{Heap before GC invocations=39 (full 0):
 garbage-first heap   total 203776K, used 169238K [0x0000000080000000, 0x0000000100000000)
  region size 1024K, 77 young (78848K), 5 survivors (5120K)
 Metaspace       used 72528K, committed 73472K, reserved 491520K
  class space    used 10226K, committed 10688K, reserved 425984K
}
Event: 44.797 GC heap after
{Heap after GC invocations=40 (full 0):
 garbage-first heap   total 203776K, used 100171K [0x0000000080000000, 0x0000000100000000)
  region size 1024K, 10 young (10240K), 10 survivors (10240K)
 Metaspace       used 72528K, committed 73472K, reserved 491520K
  class space    used 10226K, committed 10688K, reserved 425984K
}
Event: 47.307 GC heap before
{Heap before GC invocations=40 (full 0):
 garbage-first heap   total 203776K, used 162635K [0x0000000080000000, 0x0000000100000000)
  region size 1024K, 71 young (72704K), 10 survivors (10240K)
 Metaspace       used 77124K, committed 78016K, reserved 557056K
  class space    used 10750K, committed 11200K, reserved 425984K
}
Event: 47.359 GC heap after
{Heap after GC invocations=41 (full 0):
 garbage-first heap   total 203776K, used 104433K [0x0000000080000000, 0x0000000100000000)
  region size 1024K, 4 young (4096K), 4 survivors (4096K)
 Metaspace       used 77124K, committed 78016K, reserved 557056K
  class space    used 10750K, committed 11200K, reserved 425984K
}
Event: 49.137 GC heap before
{Heap before GC invocations=41 (full 0):
 garbage-first heap   total 203776K, used 169969K [0x0000000080000000, 0x0000000100000000)
  region size 1024K, 63 young (64512K), 4 survivors (4096K)
 Metaspace       used 81276K, committed 82240K, reserved 557056K
  class space    used 11272K, committed 11712K, reserved 425984K
}
Event: 49.162 GC heap after
{Heap after GC invocations=42 (full 0):
 garbage-first heap   total 244736K, used 110073K [0x0000000080000000, 0x0000000100000000)
  region size 1024K, 8 young (8192K), 8 survivors (8192K)
 Metaspace       used 81276K, committed 82240K, reserved 557056K
  class space    used 11272K, committed 11712K, reserved 425984K
}
Event: 50.050 GC heap before
{Heap before GC invocations=42 (full 0):
 garbage-first heap   total 244736K, used 142841K [0x0000000080000000, 0x0000000100000000)
  region size 1024K, 39 young (39936K), 8 survivors (8192K)
 Metaspace       used 83329K, committed 84288K, reserved 557056K
  class space    used 11563K, committed 12032K, reserved 425984K
}
Event: 50.073 GC heap after
{Heap after GC invocations=43 (full 0):
 garbage-first heap   total 244736K, used 113241K [0x0000000080000000, 0x0000000100000000)
  region size 1024K, 7 young (7168K), 7 survivors (7168K)
 Metaspace       used 83329K, committed 84288K, reserved 557056K
  class space    used 11563K, committed 12032K, reserved 425984K
}
Event: 51.919 GC heap before
{Heap before GC invocations=44 (full 0):
 garbage-first heap   total 252928K, used 196185K [0x0000000080000000, 0x0000000100000000)
  region size 1024K, 88 young (90112K), 7 survivors (7168K)
 Metaspace       used 86005K, committed 87040K, reserved 557056K
  class space    used 11943K, committed 12416K, reserved 425984K
}
Event: 51.956 GC heap after
{Heap after GC invocations=45 (full 0):
 garbage-first heap   total 252928K, used 118200K [0x0000000080000000, 0x0000000100000000)
  region size 1024K, 7 young (7168K), 7 survivors (7168K)
 Metaspace       used 86005K, committed 87040K, reserved 557056K
  class space    used 11943K, committed 12416K, reserved 425984K
}
Event: 52.165 GC heap before
{Heap before GC invocations=45 (full 0):
 garbage-first heap   total 252928K, used 123320K [0x0000000080000000, 0x0000000100000000)
  region size 1024K, 12 young (12288K), 7 survivors (7168K)
 Metaspace       used 86318K, committed 87360K, reserved 557056K
  class space    used 11982K, committed 12480K, reserved 425984K
}
Event: 52.186 GC heap after
{Heap after GC invocations=46 (full 0):
 garbage-first heap   total 252928K, used 116736K [0x0000000080000000, 0x0000000100000000)
  region size 1024K, 1 young (1024K), 1 survivors (1024K)
 Metaspace       used 86318K, committed 87360K, reserved 557056K
  class space    used 11982K, committed 12480K, reserved 425984K
}
Event: 54.232 GC heap before
{Heap before GC invocations=46 (full 0):
 garbage-first heap   total 252928K, used 208896K [0x0000000080000000, 0x0000000100000000)
  region size 1024K, 90 young (92160K), 1 survivors (1024K)
 Metaspace       used 91823K, committed 92864K, reserved 557056K
  class space    used 12928K, committed 13440K, reserved 425984K
}
Event: 54.244 GC heap after
{Heap after GC invocations=47 (full 0):
 garbage-first heap   total 252928K, used 118668K [0x0000000080000000, 0x0000000100000000)
  region size 1024K, 3 young (3072K), 3 survivors (3072K)
 Metaspace       used 91823K, committed 92864K, reserved 557056K
  class space    used 12928K, committed 13440K, reserved 425984K
}
Event: 56.630 GC heap before
{Heap before GC invocations=48 (full 0):
 garbage-first heap   total 252928K, used 209804K [0x0000000080000000, 0x0000000100000000)
  region size 1024K, 92 young (94208K), 3 survivors (3072K)
 Metaspace       used 96557K, committed 97600K, reserved 557056K
  class space    used 13559K, committed 14080K, reserved 425984K
}
Event: 56.644 GC heap after
{Heap after GC invocations=49 (full 0):
 garbage-first heap   total 252928K, used 124291K [0x0000000080000000, 0x0000000100000000)
  region size 1024K, 9 young (9216K), 9 survivors (9216K)
 Metaspace       used 96557K, committed 97600K, reserved 557056K
  class space    used 13559K, committed 14080K, reserved 425984K
}
Event: 56.673 GC heap before
{Heap before GC invocations=49 (full 0):
 garbage-first heap   total 252928K, used 127363K [0x0000000080000000, 0x0000000100000000)
  region size 1024K, 12 young (12288K), 9 survivors (9216K)
 Metaspace       used 96557K, committed 97600K, reserved 557056K
  class space    used 13559K, committed 14080K, reserved 425984K
}
Event: 56.715 GC heap after
{Heap after GC invocations=50 (full 0):
 garbage-first heap   total 252928K, used 123774K [0x0000000080000000, 0x0000000100000000)
  region size 1024K, 1 young (1024K), 1 survivors (1024K)
 Metaspace       used 96557K, committed 97600K, reserved 557056K
  class space    used 13559K, committed 14080K, reserved 425984K
}

