# JRE version: OpenJDK Runtime Environment Temurin-17.0.13+11 (17.0.13+11) (build 17.0.13+11)
# Java VM: OpenJDK 64-Bit Server VM Temurin-17.0.13+11 (17.0.13+11, mixed mode, tiered, compressed oops, compressed class ptrs, parallel gc, windows-amd64)
GC Precious Log:
 CPUs: 4 total, 4 available
 Memory: 3999M
 Large Page Support: Disabled
 NUMA Support: Disabled
 Compressed Oops: Enabled (32-bit)
 Alignments: Space 512K, Generation 512K, Heap 2M
 Heap Min Capacity: 100M
 Heap Initial Capacity: 100M
 Heap Max Capacity: 1G
 Pre-touch: Disabled
 Parallel Workers: 4
Heap:
 PSYoungGen      total 81408K, used 55335K [0x00000000eab00000, 0x00000000f3680000, 0x0000000100000000)
  eden space 25088K, 99% used [0x00000000eab00000,0x00000000ec37faa8,0x00000000ec380000)
  from space 56320K, 53% used [0x00000000ec380000,0x00000000ee10a548,0x00000000efa80000)
  to   space 56832K, 0% used [0x00000000eff00000,0x00000000eff00000,0x00000000f3680000)
 ParOldGen       total 386048K, used 385740K [0x00000000c0000000, 0x00000000eab00000, 0x00000000eab00000)
  object space 386048K, 99% used [0x00000000c0000000,0x00000000d78b30d0,0x00000000d7900000)
 Metaspace       used 66747K, committed 67904K, reserved 1114112K
  class space    used 7631K, committed 8064K, reserved 1048576K
GC Heap History (20 events):
Event: 311.128 GC heap after
{Heap after GC invocations=1063 (full 159):
 PSYoungGen      total 81408K, used 55334K [0x00000000eab00000, 0x00000000f3680000, 0x0000000100000000)
  eden space 25088K, 99% used [0x00000000eab00000,0x00000000ec37f570,0x00000000ec380000)
  from space 56320K, 53% used [0x00000000ec380000,0x00000000ee10a548,0x00000000efa80000)
  to   space 56832K, 0% used [0x00000000eff00000,0x00000000eff00000,0x00000000f3680000)
 ParOldGen       total 386048K, used 385740K [0x00000000c0000000, 0x00000000d7900000, 0x00000000eab00000)
  object space 386048K, 99% used [0x00000000c0000000,0x00000000d78b3100,0x00000000d7900000)
 Metaspace       used 66747K, committed 67904K, reserved 1114112K
  class space    used 7631K, committed 8064K, reserved 1048576K
}
Event: 311.128 GC heap before
{Heap before GC invocations=1064 (full 160):
 PSYoungGen      total 81408K, used 55337K [0x00000000eab00000, 0x00000000f3680000, 0x0000000100000000)
  eden space 25088K, 99% used [0x00000000eab00000,0x00000000ec37fff0,0x00000000ec380000)
  from space 56320K, 53% used [0x00000000ec380000,0x00000000ee10a548,0x00000000efa80000)
  to   space 56832K, 0% used [0x00000000eff00000,0x00000000eff00000,0x00000000f3680000)
 ParOldGen       total 386048K, used 385740K [0x00000000c0000000, 0x00000000d7900000, 0x00000000eab00000)
  object space 386048K, 99% used [0x00000000c0000000,0x00000000d78b3100,0x00000000d7900000)
 Metaspace       used 66747K, committed 67904K, reserved 1114112K
  class space    used 7631K, committed 8064K, reserved 1048576K
}
Event: 311.430 GC heap after
{Heap after GC invocations=1064 (full 160):
 PSYoungGen      total 81408K, used 55334K [0x00000000eab00000, 0x00000000f3680000, 0x0000000100000000)
  eden space 25088K, 99% used [0x00000000eab00000,0x00000000ec37f560,0x00000000ec380000)
  from space 56320K, 53% used [0x00000000ec380000,0x00000000ee10a548,0x00000000efa80000)
  to   space 56832K, 0% used [0x00000000eff00000,0x00000000eff00000,0x00000000f3680000)
 ParOldGen       total 386048K, used 385740K [0x00000000c0000000, 0x00000000d7900000, 0x00000000eab00000)
  object space 386048K, 99% used [0x00000000c0000000,0x00000000d78b3100,0x00000000d7900000)
 Metaspace       used 66747K, committed 67904K, reserved 1114112K
  class space    used 7631K, committed 8064K, reserved 1048576K
}
Event: 311.430 GC heap before
{Heap before GC invocations=1065 (full 161):
 PSYoungGen      total 81408K, used 55337K [0x00000000eab00000, 0x00000000f3680000, 0x0000000100000000)
  eden space 25088K, 99% used [0x00000000eab00000,0x00000000ec37fff8,0x00000000ec380000)
  from space 56320K, 53% used [0x00000000ec380000,0x00000000ee10a548,0x00000000efa80000)
  to   space 56832K, 0% used [0x00000000eff00000,0x00000000eff00000,0x00000000f3680000)
 ParOldGen       total 386048K, used 385740K [0x00000000c0000000, 0x00000000d7900000, 0x00000000eab00000)
  object space 386048K, 99% used [0x00000000c0000000,0x00000000d78b3100,0x00000000d7900000)
 Metaspace       used 66747K, committed 67904K, reserved 1114112K
  class space    used 7631K, committed 8064K, reserved 1048576K
}
Event: 311.726 GC heap after
{Heap after GC invocations=1065 (full 161):
 PSYoungGen      total 81408K, used 55334K [0x00000000eab00000, 0x00000000f3680000, 0x0000000100000000)
  eden space 25088K, 99% used [0x00000000eab00000,0x00000000ec37f578,0x00000000ec380000)
  from space 56320K, 53% used [0x00000000ec380000,0x00000000ee10a548,0x00000000efa80000)
  to   space 56832K, 0% used [0x00000000eff00000,0x00000000eff00000,0x00000000f3680000)
 ParOldGen       total 386048K, used 385740K [0x00000000c0000000, 0x00000000d7900000, 0x00000000eab00000)
  object space 386048K, 99% used [0x00000000c0000000,0x00000000d78b3100,0x00000000d7900000)
 Metaspace       used 66747K, committed 67904K, reserved 1114112K
  class space    used 7631K, committed 8064K, reserved 1048576K
}
Event: 311.726 GC heap before
{Heap before GC invocations=1066 (full 162):
 PSYoungGen      total 81408K, used 55337K [0x00000000eab00000, 0x00000000f3680000, 0x0000000100000000)
  eden space 25088K, 99% used [0x00000000eab00000,0x00000000ec37fff8,0x00000000ec380000)
  from space 56320K, 53% used [0x00000000ec380000,0x00000000ee10a548,0x00000000efa80000)
  to   space 56832K, 0% used [0x00000000eff00000,0x00000000eff00000,0x00000000f3680000)
 ParOldGen       total 386048K, used 385740K [0x00000000c0000000, 0x00000000d7900000, 0x00000000eab00000)
  object space 386048K, 99% used [0x00000000c0000000,0x00000000d78b3100,0x00000000d7900000)
 Metaspace       used 66747K, committed 67904K, reserved 1114112K
  class space    used 7631K, committed 8064K, reserved 1048576K
}
Event: 312.028 GC heap after
{Heap after GC invocations=1066 (full 162):
 PSYoungGen      total 81408K, used 55334K [0x00000000eab00000, 0x00000000f3680000, 0x0000000100000000)
  eden space 25088K, 99% used [0x00000000eab00000,0x00000000ec37f5a0,0x00000000ec380000)
  from space 56320K, 53% used [0x00000000ec380000,0x00000000ee10a548,0x00000000efa80000)
  to   space 56832K, 0% used [0x00000000eff00000,0x00000000eff00000,0x00000000f3680000)
 ParOldGen       total 386048K, used 385740K [0x00000000c0000000, 0x00000000d7900000, 0x00000000eab00000)
  object space 386048K, 99% used [0x00000000c0000000,0x00000000d78b3100,0x00000000d7900000)
 Metaspace       used 66747K, committed 67904K, reserved 1114112K
  class space    used 7631K, committed 8064K, reserved 1048576K
}
Event: 312.029 GC heap before
{Heap before GC invocations=1067 (full 163):
 PSYoungGen      total 81408K, used 55337K [0x00000000eab00000, 0x00000000f3680000, 0x0000000100000000)
  eden space 25088K, 100% used [0x00000000eab00000,0x00000000ec380000,0x00000000ec380000)
  from space 56320K, 53% used [0x00000000ec380000,0x00000000ee10a548,0x00000000efa80000)
  to   space 56832K, 0% used [0x00000000eff00000,0x00000000eff00000,0x00000000f3680000)
 ParOldGen       total 386048K, used 385740K [0x00000000c0000000, 0x00000000d7900000, 0x00000000eab00000)
  object space 386048K, 99% used [0x00000000c0000000,0x00000000d78b3100,0x00000000d7900000)
 Metaspace       used 66747K, committed 67904K, reserved 1114112K
  class space    used 7631K, committed 8064K, reserved 1048576K
}
Event: 312.333 GC heap after
{Heap after GC invocations=1067 (full 163):
 PSYoungGen      total 81408K, used 55334K [0x00000000eab00000, 0x00000000f3680000, 0x0000000100000000)
  eden space 25088K, 99% used [0x00000000eab00000,0x00000000ec37f5b8,0x00000000ec380000)
  from space 56320K, 53% used [0x00000000ec380000,0x00000000ee10a548,0x00000000efa80000)
  to   space 56832K, 0% used [0x00000000eff00000,0x00000000eff00000,0x00000000f3680000)
 ParOldGen       total 386048K, used 385740K [0x00000000c0000000, 0x00000000d7900000, 0x00000000eab00000)
  object space 386048K, 99% used [0x00000000c0000000,0x00000000d78b3100,0x00000000d7900000)
 Metaspace       used 66747K, committed 67904K, reserved 1114112K
  class space    used 7631K, committed 8064K, reserved 1048576K
}
Event: 312.334 GC heap before
{Heap before GC invocations=1068 (full 164):
 PSYoungGen      total 81408K, used 55337K [0x00000000eab00000, 0x00000000f3680000, 0x0000000100000000)
  eden space 25088K, 100% used [0x00000000eab00000,0x00000000ec380000,0x00000000ec380000)
  from space 56320K, 53% used [0x00000000ec380000,0x00000000ee10a548,0x00000000efa80000)
  to   space 56832K, 0% used [0x00000000eff00000,0x00000000eff00000,0x00000000f3680000)
 ParOldGen       total 386048K, used 385740K [0x00000000c0000000, 0x00000000d7900000, 0x00000000eab00000)
  object space 386048K, 99% used [0x00000000c0000000,0x00000000d78b3100,0x00000000d7900000)
 Metaspace       used 66747K, committed 67904K, reserved 1114112K
  class space    used 7631K, committed 8064K, reserved 1048576K
}
Event: 312.636 GC heap after
{Heap after GC invocations=1068 (full 164):
 PSYoungGen      total 81408K, used 55334K [0x00000000eab00000, 0x00000000f3680000, 0x0000000100000000)
  eden space 25088K, 99% used [0x00000000eab00000,0x00000000ec37f5b8,0x00000000ec380000)
  from space 56320K, 53% used [0x00000000ec380000,0x00000000ee10a548,0x00000000efa80000)
  to   space 56832K, 0% used [0x00000000eff00000,0x00000000eff00000,0x00000000f3680000)
 ParOldGen       total 386048K, used 385740K [0x00000000c0000000, 0x00000000d7900000, 0x00000000eab00000)
  object space 386048K, 99% used [0x00000000c0000000,0x00000000d78b3100,0x00000000d7900000)
 Metaspace       used 66747K, committed 67904K, reserved 1114112K
  class space    used 7631K, committed 8064K, reserved 1048576K
}
Event: 312.636 GC heap before
{Heap before GC invocations=1069 (full 165):
 PSYoungGen      total 81408K, used 55337K [0x00000000eab00000, 0x00000000f3680000, 0x0000000100000000)
  eden space 25088K, 100% used [0x00000000eab00000,0x00000000ec380000,0x00000000ec380000)
  from space 56320K, 53% used [0x00000000ec380000,0x00000000ee10a548,0x00000000efa80000)
  to   space 56832K, 0% used [0x00000000eff00000,0x00000000eff00000,0x00000000f3680000)
 ParOldGen       total 386048K, used 385740K [0x00000000c0000000, 0x00000000d7900000, 0x00000000eab00000)
  object space 386048K, 99% used [0x00000000c0000000,0x00000000d78b3100,0x00000000d7900000)
 Metaspace       used 66747K, committed 67904K, reserved 1114112K
  class space    used 7631K, committed 8064K, reserved 1048576K
}
Event: 312.931 GC heap after
{Heap after GC invocations=1069 (full 165):
 PSYoungGen      total 81408K, used 55335K [0x00000000eab00000, 0x00000000f3680000, 0x0000000100000000)
  eden space 25088K, 99% used [0x00000000eab00000,0x00000000ec37f850,0x00000000ec380000)
  from space 56320K, 53% used [0x00000000ec380000,0x00000000ee10a548,0x00000000efa80000)
  to   space 56832K, 0% used [0x00000000eff00000,0x00000000eff00000,0x00000000f3680000)
 ParOldGen       total 386048K, used 385740K [0x00000000c0000000, 0x00000000d7900000, 0x00000000eab00000)
  object space 386048K, 99% used [0x00000000c0000000,0x00000000d78b3100,0x00000000d7900000)
 Metaspace       used 66747K, committed 67904K, reserved 1114112K
  class space    used 7631K, committed 8064K, reserved 1048576K
}
Event: 312.932 GC heap before
{Heap before GC invocations=1070 (full 166):
 PSYoungGen      total 81408K, used 55337K [0x00000000eab00000, 0x00000000f3680000, 0x0000000100000000)
  eden space 25088K, 99% used [0x00000000eab00000,0x00000000ec37fff0,0x00000000ec380000)
  from space 56320K, 53% used [0x00000000ec380000,0x00000000ee10a548,0x00000000efa80000)
  to   space 56832K, 0% used [0x00000000eff00000,0x00000000eff00000,0x00000000f3680000)
 ParOldGen       total 386048K, used 385740K [0x00000000c0000000, 0x00000000d7900000, 0x00000000eab00000)
  object space 386048K, 99% used [0x00000000c0000000,0x00000000d78b3100,0x00000000d7900000)
 Metaspace       used 66747K, committed 67904K, reserved 1114112K
  class space    used 7631K, committed 8064K, reserved 1048576K
}
Event: 313.231 GC heap after
{Heap after GC invocations=1070 (full 166):
 PSYoungGen      total 81408K, used 55335K [0x00000000eab00000, 0x00000000f3680000, 0x0000000100000000)
  eden space 25088K, 99% used [0x00000000eab00000,0x00000000ec37fa60,0x00000000ec380000)
  from space 56320K, 53% used [0x00000000ec380000,0x00000000ee10a548,0x00000000efa80000)
  to   space 56832K, 0% used [0x00000000eff00000,0x00000000eff00000,0x00000000f3680000)
 ParOldGen       total 386048K, used 385740K [0x00000000c0000000, 0x00000000d7900000, 0x00000000eab00000)
  object space 386048K, 99% used [0x00000000c0000000,0x00000000d78b3100,0x00000000d7900000)
 Metaspace       used 66747K, committed 67904K, reserved 1114112K
  class space    used 7631K, committed 8064K, reserved 1048576K
}
Event: 313.235 GC heap before
{Heap before GC invocations=1071 (full 167):
 PSYoungGen      total 81408K, used 55337K [0x00000000eab00000, 0x00000000f3680000, 0x0000000100000000)
  eden space 25088K, 99% used [0x00000000eab00000,0x00000000ec37ff80,0x00000000ec380000)
  from space 56320K, 53% used [0x00000000ec380000,0x00000000ee10a548,0x00000000efa80000)
  to   space 56832K, 0% used [0x00000000eff00000,0x00000000eff00000,0x00000000f3680000)
 ParOldGen       total 386048K, used 385740K [0x00000000c0000000, 0x00000000d7900000, 0x00000000eab00000)
  object space 386048K, 99% used [0x00000000c0000000,0x00000000d78b3100,0x00000000d7900000)
 Metaspace       used 66747K, committed 67904K, reserved 1114112K
  class space    used 7631K, committed 8064K, reserved 1048576K
}
Event: 313.539 GC heap after
{Heap after GC invocations=1071 (full 167):
 PSYoungGen      total 81408K, used 55335K [0x00000000eab00000, 0x00000000f3680000, 0x0000000100000000)
  eden space 25088K, 99% used [0x00000000eab00000,0x00000000ec37f8b8,0x00000000ec380000)
  from space 56320K, 53% used [0x00000000ec380000,0x00000000ee10a548,0x00000000efa80000)
  to   space 56832K, 0% used [0x00000000eff00000,0x00000000eff00000,0x00000000f3680000)
 ParOldGen       total 386048K, used 385740K [0x00000000c0000000, 0x00000000d7900000, 0x00000000eab00000)
  object space 386048K, 99% used [0x00000000c0000000,0x00000000d78b3100,0x00000000d7900000)
 Metaspace       used 66747K, committed 67904K, reserved 1114112K
  class space    used 7631K, committed 8064K, reserved 1048576K
}
Event: 313.540 GC heap before
{Heap before GC invocations=1072 (full 168):
 PSYoungGen      total 81408K, used 55337K [0x00000000eab00000, 0x00000000f3680000, 0x0000000100000000)
  eden space 25088K, 99% used [0x00000000eab00000,0x00000000ec37ffa0,0x00000000ec380000)
  from space 56320K, 53% used [0x00000000ec380000,0x00000000ee10a548,0x00000000efa80000)
  to   space 56832K, 0% used [0x00000000eff00000,0x00000000eff00000,0x00000000f3680000)
 ParOldGen       total 386048K, used 385740K [0x00000000c0000000, 0x00000000d7900000, 0x00000000eab00000)
  object space 386048K, 99% used [0x00000000c0000000,0x00000000d78b3100,0x00000000d7900000)
 Metaspace       used 66747K, committed 67904K, reserved 1114112K
  class space    used 7631K, committed 8064K, reserved 1048576K
}
Event: 313.834 GC heap after
{Heap after GC invocations=1072 (full 168):
 PSYoungGen      total 81408K, used 55335K [0x00000000eab00000, 0x00000000f3680000, 0x0000000100000000)
  eden space 25088K, 99% used [0x00000000eab00000,0x00000000ec37f8c0,0x00000000ec380000)
  from space 56320K, 53% used [0x00000000ec380000,0x00000000ee10a548,0x00000000efa80000)
  to   space 56832K, 0% used [0x00000000eff00000,0x00000000eff00000,0x00000000f3680000)
 ParOldGen       total 386048K, used 385740K [0x00000000c0000000, 0x00000000d7900000, 0x00000000eab00000)
  object space 386048K, 99% used [0x00000000c0000000,0x00000000d78b3100,0x00000000d7900000)
 Metaspace       used 66747K, committed 67904K, reserved 1114112K
  class space    used 7631K, committed 8064K, reserved 1048576K
}
Event: 313.835 GC heap before
{Heap before GC invocations=1073 (full 169):
 PSYoungGen      total 81408K, used 55337K [0x00000000eab00000, 0x00000000f3680000, 0x0000000100000000)
  eden space 25088K, 99% used [0x00000000eab00000,0x00000000ec37fff8,0x00000000ec380000)
  from space 56320K, 53% used [0x00000000ec380000,0x00000000ee10a548,0x00000000efa80000)
  to   space 56832K, 0% used [0x00000000eff00000,0x00000000eff00000,0x00000000f3680000)
 ParOldGen       total 386048K, used 385740K [0x00000000c0000000, 0x00000000d7900000, 0x00000000eab00000)
  object space 386048K, 99% used [0x00000000c0000000,0x00000000d78b3100,0x00000000d7900000)
 Metaspace       used 66747K, committed 67904K, reserved 1114112K
  class space    used 7631K, committed 8064K, reserved 1048576K
}

