# JRE version: Java(TM) SE Runtime Environment (17.0.12+8) (build 17.0.12+8-LTS-286)
# Java VM: Java HotSpot(TM) 64-Bit Server VM (17.0.12+8-LTS-286, mixed mode, sharing, tiered, compressed oops, compressed class ptrs, g1 gc, windows-amd64)
GC Precious Log:
 CPUs: 4 total, 4 available
 Memory: 3999M
 Large Page Support: Disabled
 NUMA Support: Disabled
 Compressed Oops: Enabled (32-bit)
 Heap Region Size: 1M
 Heap Min Capacity: 8M
 Heap Initial Capacity: 64M
 Heap Max Capacity: 2G
 Pre-touch: Disabled
 Parallel Workers: 4
 Concurrent Workers: 1
 Concurrent Refinement Workers: 4
 Periodic GC: Disabled
Heap:
 garbage-first heap   total 191488K, used 107527K [0x0000000080000000, 0x0000000100000000)
  region size 1024K, 2 young (2048K), 2 survivors (2048K)
 Metaspace       used 79358K, committed 80448K, reserved 557056K
  class space    used 11051K, committed 11584K, reserved 425984K
GC Heap History (20 events):
Event: 30.737 GC heap after
{Heap after GC invocations=43 (full 0):
 garbage-first heap   total 130048K, used 72974K [0x0000000080000000, 0x0000000100000000)
  region size 1024K, 3 young (3072K), 3 survivors (3072K)
 Metaspace       used 65310K, committed 66112K, reserved 491520K
  class space    used 9204K, committed 9600K, reserved 425984K
}
Event: 30.868 GC heap before
{Heap before GC invocations=43 (full 0):
 garbage-first heap   total 130048K, used 75022K [0x0000000080000000, 0x0000000100000000)
  region size 1024K, 6 young (6144K), 3 survivors (3072K)
 Metaspace       used 65502K, committed 66304K, reserved 491520K
  class space    used 9226K, committed 9600K, reserved 425984K
}
Event: 30.874 GC heap after
{Heap after GC invocations=44 (full 0):
 garbage-first heap   total 130048K, used 72655K [0x0000000080000000, 0x0000000100000000)
  region size 1024K, 1 young (1024K), 1 survivors (1024K)
 Metaspace       used 65502K, committed 66304K, reserved 491520K
  class space    used 9226K, committed 9600K, reserved 425984K
}
Event: 32.133 GC heap before
{Heap before GC invocations=44 (full 0):
 garbage-first heap   total 130048K, used 103375K [0x0000000080000000, 0x0000000100000000)
  region size 1024K, 31 young (31744K), 1 survivors (1024K)
 Metaspace       used 66640K, committed 67456K, reserved 491520K
  class space    used 9394K, committed 9792K, reserved 425984K
}
Event: 32.141 GC heap after
{Heap after GC invocations=45 (full 0):
 garbage-first heap   total 191488K, used 76244K [0x0000000080000000, 0x0000000100000000)
  region size 1024K, 4 young (4096K), 4 survivors (4096K)
 Metaspace       used 66640K, committed 67456K, reserved 491520K
  class space    used 9394K, committed 9792K, reserved 425984K
}
Event: 36.055 GC heap before
{Heap before GC invocations=46 (full 0):
 garbage-first heap   total 191488K, used 141780K [0x0000000080000000, 0x0000000100000000)
  region size 1024K, 68 young (69632K), 4 survivors (4096K)
 Metaspace       used 69792K, committed 70656K, reserved 491520K
  class space    used 9811K, committed 10240K, reserved 425984K
}
Event: 36.067 GC heap after
{Heap after GC invocations=47 (full 0):
 garbage-first heap   total 191488K, used 79696K [0x0000000080000000, 0x0000000100000000)
  region size 1024K, 8 young (8192K), 8 survivors (8192K)
 Metaspace       used 69792K, committed 70656K, reserved 491520K
  class space    used 9811K, committed 10240K, reserved 425984K
}
Event: 36.111 GC heap before
{Heap before GC invocations=47 (full 0):
 garbage-first heap   total 191488K, used 80720K [0x0000000080000000, 0x0000000100000000)
  region size 1024K, 9 young (9216K), 8 survivors (8192K)
 Metaspace       used 69839K, committed 70720K, reserved 491520K
  class space    used 9819K, committed 10240K, reserved 425984K
}
Event: 36.130 GC heap after
{Heap after GC invocations=48 (full 0):
 garbage-first heap   total 191488K, used 78721K [0x0000000080000000, 0x0000000100000000)
  region size 1024K, 1 young (1024K), 1 survivors (1024K)
 Metaspace       used 69839K, committed 70720K, reserved 491520K
  class space    used 9819K, committed 10240K, reserved 425984K
}
Event: 41.387 GC heap before
{Heap before GC invocations=48 (full 0):
 garbage-first heap   total 191488K, used 141185K [0x0000000080000000, 0x0000000100000000)
  region size 1024K, 63 young (64512K), 1 survivors (1024K)
 Metaspace       used 72977K, committed 73920K, reserved 491520K
  class space    used 10360K, committed 10816K, reserved 425984K
}
Event: 41.399 GC heap after
{Heap after GC invocations=49 (full 0):
 garbage-first heap   total 191488K, used 84165K [0x0000000080000000, 0x0000000100000000)
  region size 1024K, 7 young (7168K), 7 survivors (7168K)
 Metaspace       used 72977K, committed 73920K, reserved 491520K
  class space    used 10360K, committed 10816K, reserved 425984K
}
Event: 44.731 GC heap before
{Heap before GC invocations=49 (full 0):
 garbage-first heap   total 191488K, used 145605K [0x0000000080000000, 0x0000000100000000)
  region size 1024K, 67 young (68608K), 7 survivors (7168K)
 Metaspace       used 74759K, committed 75776K, reserved 491520K
  class space    used 10538K, committed 11072K, reserved 425984K
}
Event: 44.772 GC heap after
{Heap after GC invocations=50 (full 0):
 garbage-first heap   total 191488K, used 90404K [0x0000000080000000, 0x0000000100000000)
  region size 1024K, 9 young (9216K), 9 survivors (9216K)
 Metaspace       used 74759K, committed 75776K, reserved 491520K
  class space    used 10538K, committed 11072K, reserved 425984K
}
Event: 45.954 GC heap before
{Heap before GC invocations=50 (full 0):
 garbage-first heap   total 191488K, used 148772K [0x0000000080000000, 0x0000000100000000)
  region size 1024K, 66 young (67584K), 9 survivors (9216K)
 Metaspace       used 74844K, committed 75840K, reserved 491520K
  class space    used 10538K, committed 11072K, reserved 425984K
}
Event: 45.986 GC heap after
{Heap after GC invocations=51 (full 0):
 garbage-first heap   total 191488K, used 92451K [0x0000000080000000, 0x0000000100000000)
  region size 1024K, 5 young (5120K), 5 survivors (5120K)
 Metaspace       used 74844K, committed 75840K, reserved 491520K
  class space    used 10538K, committed 11072K, reserved 425984K
}
Event: 47.389 GC heap before
{Heap before GC invocations=51 (full 0):
 garbage-first heap   total 191488K, used 151843K [0x0000000080000000, 0x0000000100000000)
  region size 1024K, 63 young (64512K), 5 survivors (5120K)
 Metaspace       used 74849K, committed 75840K, reserved 491520K
  class space    used 10538K, committed 11072K, reserved 425984K
}
Event: 47.415 GC heap after
{Heap after GC invocations=52 (full 0):
 garbage-first heap   total 191488K, used 93120K [0x0000000080000000, 0x0000000100000000)
  region size 1024K, 5 young (5120K), 5 survivors (5120K)
 Metaspace       used 74849K, committed 75840K, reserved 491520K
  class space    used 10538K, committed 11072K, reserved 425984K
}
Event: 49.603 GC heap before
{Heap before GC invocations=52 (full 0):
 garbage-first heap   total 191488K, used 158656K [0x0000000080000000, 0x0000000100000000)
  region size 1024K, 64 young (65536K), 5 survivors (5120K)
 Metaspace       used 75757K, committed 76800K, reserved 557056K
  class space    used 10653K, committed 11136K, reserved 425984K
}
Event: 49.729 GC heap after
{Heap after GC invocations=53 (full 0):
 garbage-first heap   total 191488K, used 104509K [0x0000000080000000, 0x0000000100000000)
  region size 1024K, 8 young (8192K), 8 survivors (8192K)
 Metaspace       used 75757K, committed 76800K, reserved 557056K
  class space    used 10653K, committed 11136K, reserved 425984K
}
Event: 51.956 GC heap before
{Heap before GC invocations=53 (full 0):
 garbage-first heap   total 191488K, used 151613K [0x0000000080000000, 0x0000000100000000)
  region size 1024K, 54 young (55296K), 8 survivors (8192K)
 Metaspace       used 79358K, committed 80448K, reserved 557056K
  class space    used 11051K, committed 11584K, reserved 425984K
}

