# JRE version: Java(TM) SE Runtime Environment (17.0.12+8) (build 17.0.12+8-LTS-286)
# Java VM: Java HotSpot(TM) 64-Bit Server VM (17.0.12+8-LTS-286, mixed mode, sharing, tiered, compressed oops, compressed class ptrs, g1 gc, windows-amd64)
GC Precious Log:
 CPUs: 4 total, 4 available
 Memory: 3999M
 Large Page Support: Disabled
 NUMA Support: Disabled
 Compressed Oops: Enabled (32-bit)
 Heap Region Size: 1M
 Heap Min Capacity: 8M
 Heap Initial Capacity: 64M
 Heap Max Capacity: 2G
 Pre-touch: Disabled
 Parallel Workers: 4
 Concurrent Workers: 1
 Concurrent Refinement Workers: 4
 Periodic GC: Disabled
Heap:
 garbage-first heap   total 481280K, used 246633K [0x0000000080000000, 0x0000000100000000)
  region size 1024K, 12 young (12288K), 12 survivors (12288K)
 Metaspace       used 113415K, committed 114880K, reserved 557056K
  class space    used 15856K, committed 16512K, reserved 425984K
GC Heap History (20 events):
Event: 117.349 GC heap after
{Heap after GC invocations=70 (full 0):
 garbage-first heap   total 288768K, used 184005K [0x0000000080000000, 0x0000000100000000)
  region size 1024K, 8 young (8192K), 8 survivors (8192K)
 Metaspace       used 105334K, committed 106624K, reserved 557056K
  class space    used 14706K, committed 15296K, reserved 425984K
}
Event: 124.892 GC heap before
{Heap before GC invocations=70 (full 0):
 garbage-first heap   total 288768K, used 240325K [0x0000000080000000, 0x0000000100000000)
  region size 1024K, 63 young (64512K), 8 survivors (8192K)
 Metaspace       used 106563K, committed 107904K, reserved 557056K
  class space    used 14887K, committed 15488K, reserved 425984K
}
Event: 125.615 GC heap after
{Heap after GC invocations=71 (full 0):
 garbage-first heap   total 288768K, used 191778K [0x0000000080000000, 0x0000000100000000)
  region size 1024K, 8 young (8192K), 8 survivors (8192K)
 Metaspace       used 106563K, committed 107904K, reserved 557056K
  class space    used 14887K, committed 15488K, reserved 425984K
}
Event: 131.115 GC heap before
{Heap before GC invocations=71 (full 0):
 garbage-first heap   total 288768K, used 234786K [0x0000000080000000, 0x0000000100000000)
  region size 1024K, 50 young (51200K), 8 survivors (8192K)
 Metaspace       used 108594K, committed 109888K, reserved 557056K
  class space    used 15215K, committed 15808K, reserved 425984K
}
Event: 131.209 GC heap after
{Heap after GC invocations=72 (full 0):
 garbage-first heap   total 430080K, used 195620K [0x0000000080000000, 0x0000000100000000)
  region size 1024K, 3 young (3072K), 3 survivors (3072K)
 Metaspace       used 108594K, committed 109888K, reserved 557056K
  class space    used 15215K, committed 15808K, reserved 425984K
}
Event: 134.775 GC heap before
{Heap before GC invocations=72 (full 0):
 garbage-first heap   total 430080K, used 271396K [0x0000000080000000, 0x0000000100000000)
  region size 1024K, 77 young (78848K), 3 survivors (3072K)
 Metaspace       used 111292K, committed 112640K, reserved 557056K
  class space    used 15560K, committed 16192K, reserved 425984K
}
Event: 134.850 GC heap after
{Heap after GC invocations=73 (full 0):
 garbage-first heap   total 430080K, used 201914K [0x0000000080000000, 0x0000000100000000)
  region size 1024K, 9 young (9216K), 9 survivors (9216K)
 Metaspace       used 111292K, committed 112640K, reserved 557056K
  class space    used 15560K, committed 16192K, reserved 425984K
}
Event: 136.030 GC heap before
{Heap before GC invocations=73 (full 0):
 garbage-first heap   total 430080K, used 270522K [0x0000000080000000, 0x0000000100000000)
  region size 1024K, 76 young (77824K), 9 survivors (9216K)
 Metaspace       used 111382K, committed 112768K, reserved 557056K
  class space    used 15566K, committed 16192K, reserved 425984K
}
Event: 136.130 GC heap after
{Heap after GC invocations=74 (full 0):
 garbage-first heap   total 430080K, used 214144K [0x0000000080000000, 0x0000000100000000)
  region size 1024K, 10 young (10240K), 10 survivors (10240K)
 Metaspace       used 111382K, committed 112768K, reserved 557056K
  class space    used 15566K, committed 16192K, reserved 425984K
}
Event: 139.257 GC heap before
{Heap before GC invocations=74 (full 0):
 garbage-first heap   total 430080K, used 279680K [0x0000000080000000, 0x0000000100000000)
  region size 1024K, 75 young (76800K), 10 survivors (10240K)
 Metaspace       used 111424K, committed 112832K, reserved 557056K
  class space    used 15571K, committed 16192K, reserved 425984K
}
Event: 139.431 GC heap after
{Heap after GC invocations=75 (full 0):
 garbage-first heap   total 430080K, used 218997K [0x0000000080000000, 0x0000000100000000)
  region size 1024K, 5 young (5120K), 5 survivors (5120K)
 Metaspace       used 111424K, committed 112832K, reserved 557056K
  class space    used 15571K, committed 16192K, reserved 425984K
}
Event: 141.917 GC heap before
{Heap before GC invocations=75 (full 0):
 garbage-first heap   total 430080K, used 277365K [0x0000000080000000, 0x0000000100000000)
  region size 1024K, 63 young (64512K), 5 survivors (5120K)
 Metaspace       used 111548K, committed 112896K, reserved 557056K
  class space    used 15586K, committed 16192K, reserved 425984K
}
Event: 141.977 GC heap after
{Heap after GC invocations=76 (full 0):
 garbage-first heap   total 430080K, used 221384K [0x0000000080000000, 0x0000000100000000)
  region size 1024K, 7 young (7168K), 7 survivors (7168K)
 Metaspace       used 111548K, committed 112896K, reserved 557056K
  class space    used 15586K, committed 16192K, reserved 425984K
}
Event: 145.889 GC heap before
{Heap before GC invocations=76 (full 0):
 garbage-first heap   total 430080K, used 337096K [0x0000000080000000, 0x0000000100000000)
  region size 1024K, 121 young (123904K), 7 survivors (7168K)
 Metaspace       used 111756K, committed 113152K, reserved 557056K
  class space    used 15605K, committed 16256K, reserved 425984K
}
Event: 145.972 GC heap after
{Heap after GC invocations=77 (full 0):
 garbage-first heap   total 430080K, used 225276K [0x0000000080000000, 0x0000000100000000)
  region size 1024K, 11 young (11264K), 11 survivors (11264K)
 Metaspace       used 111756K, committed 113152K, reserved 557056K
  class space    used 15605K, committed 16256K, reserved 425984K
}
Event: 151.920 GC heap before
{Heap before GC invocations=78 (full 0):
 garbage-first heap   total 481280K, used 325628K [0x0000000080000000, 0x0000000100000000)
  region size 1024K, 110 young (112640K), 11 survivors (11264K)
 Metaspace       used 112440K, committed 113920K, reserved 557056K
  class space    used 15714K, committed 16384K, reserved 425984K
}
Event: 152.005 GC heap after
{Heap after GC invocations=79 (full 0):
 garbage-first heap   total 481280K, used 236326K [0x0000000080000000, 0x0000000100000000)
  region size 1024K, 14 young (14336K), 14 survivors (14336K)
 Metaspace       used 112440K, committed 113920K, reserved 557056K
  class space    used 15714K, committed 16384K, reserved 425984K
}
Event: 152.273 GC heap before
{Heap before GC invocations=79 (full 0):
 garbage-first heap   total 481280K, used 244518K [0x0000000080000000, 0x0000000100000000)
  region size 1024K, 23 young (23552K), 14 survivors (14336K)
 Metaspace       used 112455K, committed 113920K, reserved 557056K
  class space    used 15714K, committed 16384K, reserved 425984K
}
Event: 152.353 GC heap after
{Heap after GC invocations=80 (full 0):
 garbage-first heap   total 481280K, used 234878K [0x0000000080000000, 0x0000000100000000)
  region size 1024K, 3 young (3072K), 3 survivors (3072K)
 Metaspace       used 112455K, committed 113920K, reserved 557056K
  class space    used 15714K, committed 16384K, reserved 425984K
}
Event: 154.560 GC heap before
{Heap before GC invocations=80 (full 0):
 garbage-first heap   total 481280K, used 386430K [0x0000000080000000, 0x0000000100000000)
  region size 1024K, 150 young (153600K), 3 survivors (3072K)
 Metaspace       used 113415K, committed 114880K, reserved 557056K
  class space    used 15856K, committed 16512K, reserved 425984K
}

